<?xml version="1.0" encoding="UTF-8"?>
<testsuite xmlns:xsi="http://www.w3.org/2001/XMLSchema-instance" xsi:noNamespaceSchemaLocation="https://maven.apache.org/surefire/maven-surefire-plugin/xsd/surefire-test-report.xsd" name="eu.pommeray.randomadditions.CalculatorTest" time="2.704" tests="4" errors="0" skipped="0" failures="0">
  <properties>
[...]
</properties>
  <testcase name="calculatorMultiplicationOperation" classname="eu.pommeray.randomadditions.CalculatorTest" time="2.587"/>
  <testcase name="calculatorDivisionOperation" classname="eu.pommeray.randomadditions.CalculatorTest" time="0.03"/>
  <testcase name="calculatorWrongArgumentsTest" classname="eu.pommeray.randomadditions.CalculatorTest" time="0.025"/>
  <testcase name="calculatorAdditionOperation" classname="eu.pommeray.randomadditions.CalculatorTest" time="0.023"/>
</testsuite>